<?xml version="1.0" encoding="UTF-8"?>
<!-- Generated by org.testng.reporters.JUnitReportReporter -->
<testsuite hostname="DESKTOP-C4SQFUO" failures="0" tests="1" name="UpdateDepositePayment" time="6.388" errors="0" timestamp="2021-10-20T17:57:46 IST" skipped="0">
  <testcase classname="UpdateDepositePayment" name="testInvalidNonce" time="6.388"/>
  <system-out/>
</testsuite> <!-- UpdateDepositePayment -->
